<?xml version="1.0" encoding="UTF-8"?>
<testng-results ignored="0" total="1" passed="1" failed="0" skipped="0">
  <reporter-output>
  </reporter-output>
  <suite started-at="2022-07-03T00:05:54 EDT" name="Failed suite [Opencart]" finished-at="2022-07-03T00:06:01 EDT" duration-ms="6706">
    <groups>
      <group name="regression">
        <method signature="TC_001_AccountRegistration.test_account_registration()[pri:0, instance:testCases.TC_001_AccountRegistration@659499f1]" name="test_account_registration" class="testCases.TC_001_AccountRegistration"/>
      </group> <!-- regression -->
      <group name="master">
        <method signature="TC_001_AccountRegistration.test_account_registration()[pri:0, instance:testCases.TC_001_AccountRegistration@659499f1]" name="test_account_registration" class="testCases.TC_001_AccountRegistration"/>
      </group> <!-- master -->
    </groups>
    <test started-at="2022-07-03T00:05:54 EDT" name="Test(failed)" finished-at="2022-07-03T00:06:01 EDT" duration-ms="6706">
      <class name="testCases.TC_001_AccountRegistration">
        <test-method is-config="true" signature="setup(java.lang.String)[pri:0, instance:testCases.TC_001_AccountRegistration@659499f1]" started-at="2022-07-03T00:05:55 EDT" name="setup" finished-at="2022-07-03T00:05:56 EDT" duration-ms="1845" status="PASS">
          <params>
            <param index="0">
              <value>
                <![CDATA[chrome]]>
              </value>
            </param>
          </params>
          <reporter-output>
          </reporter-output>
        </test-method> <!-- setup -->
        <test-method signature="test_account_registration()[pri:0, instance:testCases.TC_001_AccountRegistration@659499f1]" started-at="2022-07-03T00:05:56 EDT" name="test_account_registration" finished-at="2022-07-03T00:06:01 EDT" duration-ms="4510" status="PASS">
          <reporter-output>
          </reporter-output>
        </test-method> <!-- test_account_registration -->
        <test-method is-config="true" signature="tearDown()[pri:0, instance:testCases.TC_001_AccountRegistration@659499f1]" started-at="2022-07-03T00:06:01 EDT" name="tearDown" finished-at="2022-07-03T00:06:01 EDT" duration-ms="157" status="PASS">
          <reporter-output>
          </reporter-output>
        </test-method> <!-- tearDown -->
      </class> <!-- testCases.TC_001_AccountRegistration -->
    </test> <!-- Test(failed) -->
  </suite> <!-- Failed suite [Opencart] -->
</testng-results>
