<?xml version="1.0" encoding="UTF-8"?>
<!-- Generated by org.testng.reporters.JUnitXMLReporter -->
<testsuite ignored="1" hostname="SHAHID" failures="0" tests="1" name="opencartTests" time="6.483" errors="0" timestamp="2022-07-02T23:40:49 EDT">
  <testcase classname="testCases.TC_001_AccountRegistration" name="test_account_registration" time="4.199"/>
  <testcase classname="testCases.TC_002_Login" name="test_login" time="0.0">
    <ignored/>
  </testcase> <!-- test_login -->
</testsuite> <!-- opencartTests -->
